<?xml version="1.0" encoding="UTF-8"?>
<testsuite xmlns:xsi="http://www.w3.org/2001/XMLSchema-instance" xsi:noNamespaceSchemaLocation="https://maven.apache.org/surefire/maven-surefire-plugin/xsd/surefire-test-report-3.0.xsd" version="3.0" name="TestSuite" time="117.272" tests="2" errors="0" skipped="0" failures="0">
  <properties>
[...]
</properties>
  <testcase name="login" classname="Nou_testTime_entry.Nou_time_today" time="8.351">
    <system-err><![CDATA[Jan 13, 2025 6:25:08 PM org.openqa.selenium.devtools.CdpVersionFinder findNearestMatch
WARNING: Unable to find CDP implementation matching 131
Jan 13, 2025 6:25:08 PM org.openqa.selenium.chromium.ChromiumDriver lambda$new$5
WARNING: Unable to find version of CDP to use for 131.0.6778.265. You may need to include a dependency on a specific version of the CDP using something similar to `org.seleniumhq.selenium:selenium-devtools-v86:4.22.0` where the version ("v86") matches the version of the chromium-based browser you're using and the version number of the artifact is the same as Selenium's.
]]></system-err>
  </testcase>
  <testcase name="click_my_time" classname="Nou_testTime_entry.Nou_time_today" time="99.787">
    <system-out><![CDATA[Number of non-empty rows in column 1: 6
Processing row: 514
1Platform
2.0
Angular Cloud Staging-#C2MC-9544 - Analyze node application's optimization(Auto_feed_refresh).-QA- Manual/Automated Testing (Execution)-BA-QUEUE;
#C2MC-9544 - Analyze node application's optimization(Auto_feed_refresh).
QA- Manual/Automated Testing (Execution)
Successfully inserted row number: 513
Processing row: 515
1Nou Phase 2
2.0
Angular Cloud Staging-#TENO-120 - Ticket # textfield is not accepting  "#LAUNCH-1910" in My Time page-QA- Manual/Automated Testing (Execution)-BA-QUEUE;
#TENO-120
QA- Manual/Automated Testing (Execution)
Successfully inserted row number: 514
Processing row: 516
1Nou Phase 2
4.0
Angular Cloud Staging-Perform Manual Testing on C2m Console -QA- Manual/Automated Testing (Execution)-WIP;

QA- Manual/Automated Testing (Execution)
Successfully inserted row number: 515
]]></system-out>
  </testcase>
</testsuite>