<?xml version="1.0" encoding="UTF-8"?>
<testng-results ignored="0" total="2" passed="2" failed="0" skipped="0">
  <reporter-output>
  </reporter-output>
  <suite started-at="2025-01-13T18:25:06 IST" name="Suite" finished-at="2025-01-13T18:27:03 IST" duration-ms="116392">
    <groups>
    </groups>
    <test started-at="2025-01-13T18:25:06 IST" name="Test Login with Forget Password" finished-at="2025-01-13T18:27:03 IST" duration-ms="116392">
      <class name="Nou_testTime_entry.Nou_time_today">
        <test-method is-config="true" signature="setup()[pri:0, instance:Nou_testTime_entry.Nou_time_today@2796aeae]" started-at="2025-01-13T18:25:06 IST" name="setup" finished-at="2025-01-13T18:25:15 IST" duration-ms="8209" status="PASS">
          <reporter-output>
          </reporter-output>
        </test-method> <!-- setup -->
        <test-method signature="login()[pri:0, instance:Nou_testTime_entry.Nou_time_today@2796aeae]" started-at="2025-01-13T18:25:15 IST" name="login" finished-at="2025-01-13T18:25:23 IST" duration-ms="8342" status="PASS">
          <reporter-output>
          </reporter-output>
        </test-method> <!-- login -->
        <test-method signature="click_my_time()[pri:1, instance:Nou_testTime_entry.Nou_time_today@2796aeae]" started-at="2025-01-13T18:25:23 IST" name="click_my_time" finished-at="2025-01-13T18:27:03 IST" duration-ms="99787" status="PASS">
          <reporter-output>
          </reporter-output>
        </test-method> <!-- click_my_time -->
      </class> <!-- Nou_testTime_entry.Nou_time_today -->
    </test> <!-- Test Login with Forget Password -->
  </suite> <!-- Suite -->
</testng-results>
