<?xml version="1.0" encoding="UTF-8"?>
<!-- Generated by org.testng.reporters.JUnitXMLReporter -->
<testsuite ignored="1" hostname="ABHIR-QA" failures="0" tests="2" name="Test Login with Forget Password" time="116.392" errors="0" timestamp="2025-01-13T18:27:03 IST">
  <testcase classname="Nou_testTime_entry.Nou_time_today" name="login" time="8.342"/>
  <testcase classname="Nou_testTime_entry.Nou_time_today" name="click_my_time" time="99.787"/>
  <testcase classname="Nou_testTime_entry.Nou_time_today" name="PTO" time="0.0">
    <ignored/>
  </testcase> <!-- PTO -->
</testsuite> <!-- Test Login with Forget Password -->
